Configuring pureMD5-2.1.2.1...
Building pureMD5-2.1.2.1...
Preprocessing library pureMD5-2.1.2.1...
[1 of 1] Compiling Data.Digest.Pure.MD5 ( Data/Digest/Pure/MD5.hs, .stack-work/dist/x86_64-linux/Cabal-1.22.5.0/build/Data/Digest/Pure/MD5.o )

Data/Digest/Pure/MD5.hs:22:1: Warning: Tab character

Data/Digest/Pure/MD5.hs:32:1: Warning: Tab character

Data/Digest/Pure/MD5.hs:33:1: Warning: Tab character

Data/Digest/Pure/MD5.hs:97:1: Warning: Tab character

Data/Digest/Pure/MD5.hs:116:1: Warning: Tab character

Data/Digest/Pure/MD5.hs:117:1: Warning: Tab character

Data/Digest/Pure/MD5.hs:118:1: Warning: Tab character

Data/Digest/Pure/MD5.hs:124:1: Warning: Tab character

Data/Digest/Pure/MD5.hs:125:1: Warning: Tab character

Data/Digest/Pure/MD5.hs:133:1: Warning: Tab character

Data/Digest/Pure/MD5.hs:243:18: Warning:
    In the use of ‘inlinePerformIO’
    (imported from Data.ByteString.Internal):
    Deprecated: "If you think you know what you are doing, use 'unsafePerformIO'. If you are sure you know what you are doing, use 'unsafeDupablePerformIO'. If you enjoy sharing an address space with a malevolent agent of chaos, try 'accursedUnutterablePerformIO'."

Data/Digest/Pure/MD5.hs:303:1: Warning: Tab character

Data/Digest/Pure/MD5.hs:304:1: Warning: Tab character

Data/Digest/Pure/MD5.hs:305:1: Warning: Tab character

Data/Digest/Pure/MD5.hs:306:1: Warning: Tab character

Data/Digest/Pure/MD5.hs:307:1: Warning: Tab character

Data/Digest/Pure/MD5.hs:308:1: Warning: Tab character

Data/Digest/Pure/MD5.hs:311:1: Warning: Tab character

Data/Digest/Pure/MD5.hs:312:1: Warning: Tab character

Data/Digest/Pure/MD5.hs:313:1: Warning: Tab character

Data/Digest/Pure/MD5.hs:314:1: Warning: Tab character

Data/Digest/Pure/MD5.hs:315:1: Warning: Tab character
In-place registering pureMD5-2.1.2.1...
Installing library in
/home/chav/.stack/snapshots/x86_64-linux/lts-5.6/7.10.3/lib/x86_64-linux-ghc-7.10.3/pureMD5-2.1.2.1-6FCd3nmiBFsDIzVPLleGaY
Registering pureMD5-2.1.2.1...
